<?xml version="1.0" encoding="UTF-8"?>
<testsuite name="dungeonmania.mvp.BuildablesTest" tests="6" skipped="0" failures="0" errors="0" timestamp="2022-11-07T02:53:11" hostname="CHARLOTTE" time="0.32">
  <properties/>
  <testcase name="Test building a shield with a key" classname="dungeonmania.mvp.BuildablesTest" time="0.043"/>
  <testcase name="Test InvalidActionException is raised when the player does not have sufficient items to build a bow or shield" classname="dungeonmania.mvp.BuildablesTest" time="0.043"/>
  <testcase name="Test building a bow" classname="dungeonmania.mvp.BuildablesTest" time="0.045"/>
  <testcase name="Test IllegalArgumentException is raised when attempting to build an unknown entity - sword" classname="dungeonmania.mvp.BuildablesTest" time="0.063"/>
  <testcase name="Test building a shield with treasure" classname="dungeonmania.mvp.BuildablesTest" time="0.062"/>
  <testcase name="Test responsse buildables parameter is a list of buildables that the player can currently build" classname="dungeonmania.mvp.BuildablesTest" time="0.062"/>
  <system-out><![CDATA[shield
bow
shield
bow
shield
]]></system-out>
  <system-err><![CDATA[[Test worker] INFO org.reflections.Reflections - Reflections took 22 ms to scan 2 urls, producing 132 keys and 132 values
[Test worker] INFO org.reflections.Reflections - Reflections took 16 ms to scan 2 urls, producing 116 keys and 116 values
[Test worker] INFO org.reflections.Reflections - Reflections took 20 ms to scan 2 urls, producing 132 keys and 132 values
[Test worker] INFO org.reflections.Reflections - Reflections took 18 ms to scan 2 urls, producing 116 keys and 116 values
[Test worker] INFO org.reflections.Reflections - Reflections took 19 ms to scan 2 urls, producing 132 keys and 132 values
[Test worker] INFO org.reflections.Reflections - Reflections took 22 ms to scan 2 urls, producing 116 keys and 116 values
[Test worker] INFO org.reflections.Reflections - Reflections took 34 ms to scan 2 urls, producing 132 keys and 132 values
[Test worker] INFO org.reflections.Reflections - Reflections took 24 ms to scan 2 urls, producing 116 keys and 116 values
[Test worker] INFO org.reflections.Reflections - Reflections took 24 ms to scan 2 urls, producing 132 keys and 132 values
[Test worker] INFO org.reflections.Reflections - Reflections took 31 ms to scan 2 urls, producing 116 keys and 116 values
[Test worker] INFO org.reflections.Reflections - Reflections took 27 ms to scan 2 urls, producing 132 keys and 132 values
[Test worker] INFO org.reflections.Reflections - Reflections took 29 ms to scan 2 urls, producing 116 keys and 116 values
]]></system-err>
</testsuite>
