<?xml version="1.0" encoding="UTF-8"?>
<testsuite name="dungeonmania.mvp.BombTest" tests="8" skipped="0" failures="0" errors="0" timestamp="2022-11-07T02:53:11" hostname="CHARLOTTE" time="0.361">
  <properties/>
  <testcase name="Test picking up a bomb removes the bomb from the map and adds the bomb to the inventory" classname="dungeonmania.mvp.BombTest" time="0.043"/>
  <testcase name="Test placing a bomb removes it from the inventory and places it on the map at the character's location" classname="dungeonmania.mvp.BombTest" time="0.044"/>
  <testcase name="Test placing a bomb on a map diagonally adjacent to an active switch will not cause the bomb to detonate" classname="dungeonmania.mvp.BombTest" time="0.068"/>
  <testcase name="Test surrounding entities are removed when placing a bomb next to an active switch with bomb radius set to 2" classname="dungeonmania.mvp.BombTest" time="0.038"/>
  <testcase name="Test surrounding entities are removed when placing a bomb next to an active switch with bomb radius set to 10" classname="dungeonmania.mvp.BombTest" time="0.038"/>
  <testcase name="Test placing a bomb cardinally adjacent to an inactive switch does not cause the bomb to explode" classname="dungeonmania.mvp.BombTest" time="0.04"/>
  <testcase name="Test placing a bomb cardinally adjacent to an active switch, removing surrounding non-player entities" classname="dungeonmania.mvp.BombTest" time="0.041"/>
  <testcase name="Test placing a bomb on a map cardinally adjacent to an inactive switch, and then activating the switch" classname="dungeonmania.mvp.BombTest" time="0.046"/>
  <system-out><![CDATA[]]></system-out>
  <system-err><![CDATA[[Test worker] INFO org.reflections.Reflections - Reflections took 19 ms to scan 2 urls, producing 132 keys and 132 values
[Test worker] INFO org.reflections.Reflections - Reflections took 19 ms to scan 2 urls, producing 116 keys and 116 values
[Test worker] INFO org.reflections.Reflections - Reflections took 19 ms to scan 2 urls, producing 132 keys and 132 values
[Test worker] INFO org.reflections.Reflections - Reflections took 21 ms to scan 2 urls, producing 116 keys and 116 values
[Test worker] INFO org.reflections.Reflections - Reflections took 43 ms to scan 2 urls, producing 132 keys and 132 values
[Test worker] INFO org.reflections.Reflections - Reflections took 22 ms to scan 2 urls, producing 116 keys and 116 values
[Test worker] INFO org.reflections.Reflections - Reflections took 17 ms to scan 2 urls, producing 132 keys and 132 values
[Test worker] INFO org.reflections.Reflections - Reflections took 19 ms to scan 2 urls, producing 116 keys and 116 values
[Test worker] INFO org.reflections.Reflections - Reflections took 17 ms to scan 2 urls, producing 132 keys and 132 values
[Test worker] INFO org.reflections.Reflections - Reflections took 17 ms to scan 2 urls, producing 116 keys and 116 values
[Test worker] INFO org.reflections.Reflections - Reflections took 21 ms to scan 2 urls, producing 132 keys and 132 values
[Test worker] INFO org.reflections.Reflections - Reflections took 17 ms to scan 2 urls, producing 116 keys and 116 values
[Test worker] INFO org.reflections.Reflections - Reflections took 17 ms to scan 2 urls, producing 132 keys and 132 values
[Test worker] INFO org.reflections.Reflections - Reflections took 22 ms to scan 2 urls, producing 116 keys and 116 values
[Test worker] INFO org.reflections.Reflections - Reflections took 21 ms to scan 2 urls, producing 132 keys and 132 values
[Test worker] INFO org.reflections.Reflections - Reflections took 22 ms to scan 2 urls, producing 116 keys and 116 values
]]></system-err>
</testsuite>
