<?xml version="1.0" encoding="UTF-8"?>
<testsuite name="dungeonmania.mvp.InterfaceTest" tests="2" skipped="0" failures="0" errors="0" timestamp="2022-11-07T02:53:13" hostname="CHARLOTTE" time="0.08">
  <properties/>
  <testcase name="Testing newGame interface method, normal operation" classname="dungeonmania.mvp.InterfaceTest" time="0.052"/>
  <testcase name="Testing newGame on a nonexistent dungeon" classname="dungeonmania.mvp.InterfaceTest" time="0.028"/>
  <system-out><![CDATA[]]></system-out>
  <system-err><![CDATA[[Test worker] INFO org.reflections.Reflections - Reflections took 24 ms to scan 2 urls, producing 132 keys and 132 values
[Test worker] INFO org.reflections.Reflections - Reflections took 25 ms to scan 2 urls, producing 116 keys and 116 values
[Test worker] INFO org.reflections.Reflections - Reflections took 26 ms to scan 2 urls, producing 132 keys and 132 values
]]></system-err>
</testsuite>
