<?xml version="1.0" encoding="UTF-8"?>
<testsuite name="dungeonmania.mvp.ComplexGoalsTest" tests="5" skipped="0" failures="0" errors="0" timestamp="2022-11-07T02:53:12" hostname="CHARLOTTE" time="0.255">
  <properties/>
  <testcase name="Testing a switch goal can be achieved and then become unachieved" classname="dungeonmania.mvp.ComplexGoalsTest" time="0.077"/>
  <testcase name="Testing a map with 4 conjunction goal" classname="dungeonmania.mvp.ComplexGoalsTest" time="0.046"/>
  <testcase name="Testing a map with 4 disjunction goal" classname="dungeonmania.mvp.ComplexGoalsTest" time="0.048"/>
  <testcase name="Testing that the exit goal must be achieved last and EXIT and TREASURE" classname="dungeonmania.mvp.ComplexGoalsTest" time="0.042"/>
  <testcase name="Testing that the exit goal must be achieved last in EXIT and TREASURE" classname="dungeonmania.mvp.ComplexGoalsTest" time="0.04"/>
  <system-out><![CDATA[((:exit AND :treasure) AND :boulders)
]]></system-out>
  <system-err><![CDATA[[Test worker] INFO org.reflections.Reflections - Reflections took 36 ms to scan 2 urls, producing 132 keys and 132 values
[Test worker] INFO org.reflections.Reflections - Reflections took 27 ms to scan 2 urls, producing 116 keys and 116 values
[Test worker] INFO org.reflections.Reflections - Reflections took 22 ms to scan 2 urls, producing 132 keys and 132 values
[Test worker] INFO org.reflections.Reflections - Reflections took 20 ms to scan 2 urls, producing 116 keys and 116 values
[Test worker] INFO org.reflections.Reflections - Reflections took 22 ms to scan 2 urls, producing 132 keys and 132 values
[Test worker] INFO org.reflections.Reflections - Reflections took 22 ms to scan 2 urls, producing 116 keys and 116 values
[Test worker] INFO org.reflections.Reflections - Reflections took 20 ms to scan 2 urls, producing 132 keys and 132 values
[Test worker] INFO org.reflections.Reflections - Reflections took 18 ms to scan 2 urls, producing 116 keys and 116 values
[Test worker] INFO org.reflections.Reflections - Reflections took 16 ms to scan 2 urls, producing 132 keys and 132 values
[Test worker] INFO org.reflections.Reflections - Reflections took 20 ms to scan 2 urls, producing 116 keys and 116 values
]]></system-err>
</testsuite>
