<?xml version="1.0" encoding="UTF-8"?>
<testsuite name="dungeonmania.mvp.PortalsTest" tests="6" skipped="0" failures="0" errors="0" timestamp="2022-11-07T02:53:14" hostname="CHARLOTTE" time="0.258">
  <properties/>
  <testcase name="Test portals work both ways" classname="dungeonmania.mvp.PortalsTest" time="0.05"/>
  <testcase name="Test portal matching when there are multiple portals" classname="dungeonmania.mvp.PortalsTest" time="0.04"/>
  <testcase name="Test chain teleporting between multiple portals" classname="dungeonmania.mvp.PortalsTest" time="0.041"/>
  <testcase name="Test player cannot teleport when the exit portal is surrounded by walls" classname="dungeonmania.mvp.PortalsTest" time="0.04"/>
  <testcase name="Test portal has no effect on spiders" classname="dungeonmania.mvp.PortalsTest" time="0.044"/>
  <testcase name="Test portal has no effect on zombies" classname="dungeonmania.mvp.PortalsTest" time="0.043"/>
  <system-out><![CDATA[]]></system-out>
  <system-err><![CDATA[[Test worker] INFO org.reflections.Reflections - Reflections took 23 ms to scan 2 urls, producing 132 keys and 132 values
[Test worker] INFO org.reflections.Reflections - Reflections took 22 ms to scan 2 urls, producing 116 keys and 116 values
[Test worker] INFO org.reflections.Reflections - Reflections took 19 ms to scan 2 urls, producing 132 keys and 132 values
[Test worker] INFO org.reflections.Reflections - Reflections took 18 ms to scan 2 urls, producing 116 keys and 116 values
[Test worker] INFO org.reflections.Reflections - Reflections took 19 ms to scan 2 urls, producing 132 keys and 132 values
[Test worker] INFO org.reflections.Reflections - Reflections took 18 ms to scan 2 urls, producing 116 keys and 116 values
[Test worker] INFO org.reflections.Reflections - Reflections took 20 ms to scan 2 urls, producing 132 keys and 132 values
[Test worker] INFO org.reflections.Reflections - Reflections took 17 ms to scan 2 urls, producing 116 keys and 116 values
[Test worker] INFO org.reflections.Reflections - Reflections took 19 ms to scan 2 urls, producing 132 keys and 132 values
[Test worker] INFO org.reflections.Reflections - Reflections took 20 ms to scan 2 urls, producing 116 keys and 116 values
[Test worker] INFO org.reflections.Reflections - Reflections took 20 ms to scan 2 urls, producing 132 keys and 132 values
[Test worker] INFO org.reflections.Reflections - Reflections took 19 ms to scan 2 urls, producing 116 keys and 116 values
]]></system-err>
</testsuite>
