<?xml version="1.0" encoding="UTF-8"?>
<testsuite name="dungeonmania.mvp.MovementTest" tests="4" skipped="0" failures="0" errors="0" timestamp="2022-11-07T02:53:13" hostname="CHARLOTTE" time="0.19">
  <properties/>
  <testcase name="Test the player can move up" classname="dungeonmania.mvp.MovementTest" time="0.05"/>
  <testcase name="Test the player can move right" classname="dungeonmania.mvp.MovementTest" time="0.045"/>
  <testcase name="Test the player can move down" classname="dungeonmania.mvp.MovementTest" time="0.046"/>
  <testcase name="Test the player can move left" classname="dungeonmania.mvp.MovementTest" time="0.048"/>
  <system-out><![CDATA[]]></system-out>
  <system-err><![CDATA[[Test worker] INFO org.reflections.Reflections - Reflections took 24 ms to scan 2 urls, producing 132 keys and 132 values
[Test worker] INFO org.reflections.Reflections - Reflections took 22 ms to scan 2 urls, producing 116 keys and 116 values
[Test worker] INFO org.reflections.Reflections - Reflections took 22 ms to scan 2 urls, producing 132 keys and 132 values
[Test worker] INFO org.reflections.Reflections - Reflections took 20 ms to scan 2 urls, producing 116 keys and 116 values
[Test worker] INFO org.reflections.Reflections - Reflections took 21 ms to scan 2 urls, producing 132 keys and 132 values
[Test worker] INFO org.reflections.Reflections - Reflections took 22 ms to scan 2 urls, producing 116 keys and 116 values
[Test worker] INFO org.reflections.Reflections - Reflections took 20 ms to scan 2 urls, producing 132 keys and 132 values
[Test worker] INFO org.reflections.Reflections - Reflections took 26 ms to scan 2 urls, producing 116 keys and 116 values
]]></system-err>
</testsuite>
