<?xml version="1.0" encoding="UTF-8"?>
<testsuite name="dungeonmania.mvp.LogicalEntitiesTest" tests="3" skipped="0" failures="0" errors="0" timestamp="2022-11-07T02:53:13" hostname="CHARLOTTE" time="0.138">
  <properties/>
  <testcase name="Test logical rules implemented in logical entities" classname="dungeonmania.mvp.LogicalEntitiesTest" time="0.053"/>
  <testcase name="Test that the doors open and close properly" classname="dungeonmania.mvp.LogicalEntitiesTest" time="0.036"/>
  <testcase name="Test CoAnd condition works correctly with switch and wire in tandem" classname="dungeonmania.mvp.LogicalEntitiesTest" time="0.049"/>
  <system-out><![CDATA[]]></system-out>
  <system-err><![CDATA[[Test worker] INFO org.reflections.Reflections - Reflections took 23 ms to scan 2 urls, producing 132 keys and 132 values
[Test worker] INFO org.reflections.Reflections - Reflections took 20 ms to scan 2 urls, producing 116 keys and 116 values
[Test worker] INFO org.reflections.Reflections - Reflections took 17 ms to scan 2 urls, producing 132 keys and 132 values
[Test worker] INFO org.reflections.Reflections - Reflections took 15 ms to scan 2 urls, producing 116 keys and 116 values
[Test worker] INFO org.reflections.Reflections - Reflections took 21 ms to scan 2 urls, producing 132 keys and 132 values
[Test worker] INFO org.reflections.Reflections - Reflections took 23 ms to scan 2 urls, producing 116 keys and 116 values
]]></system-err>
</testsuite>
