<?xml version="1.0" encoding="UTF-8"?>
<testsuite name="dungeonmania.mvp.PotionsTest" tests="6" skipped="0" failures="0" errors="0" timestamp="2022-11-07T02:53:14" hostname="CHARLOTTE" time="0.242">
  <properties/>
  <testcase name="Test invincibility potions do not change spider movement" classname="dungeonmania.mvp.PotionsTest" time="0.039"/>
  <testcase name="Test the effects of the invincibility potion only last for a limited time" classname="dungeonmania.mvp.PotionsTest" time="0.045"/>
  <testcase name="Test when the effects of a 2nd potion are 'queued'" classname="dungeonmania.mvp.PotionsTest" time="0.04"/>
  <testcase name="Test invincibility potion can be picked up and consumed" classname="dungeonmania.mvp.PotionsTest" time="0.037"/>
  <testcase name="Test invisibility potion can be picked up and consumed" classname="dungeonmania.mvp.PotionsTest" time="0.038"/>
  <testcase name="Test the effects of the invisibility potion only last for a limited time" classname="dungeonmania.mvp.PotionsTest" time="0.041"/>
  <system-out><![CDATA[]]></system-out>
  <system-err><![CDATA[[Test worker] INFO org.reflections.Reflections - Reflections took 18 ms to scan 2 urls, producing 132 keys and 132 values
[Test worker] INFO org.reflections.Reflections - Reflections took 17 ms to scan 2 urls, producing 116 keys and 116 values
[Test worker] INFO org.reflections.Reflections - Reflections took 19 ms to scan 2 urls, producing 132 keys and 132 values
[Test worker] INFO org.reflections.Reflections - Reflections took 24 ms to scan 2 urls, producing 116 keys and 116 values
[Test worker] INFO org.reflections.Reflections - Reflections took 20 ms to scan 2 urls, producing 132 keys and 132 values
[Test worker] INFO org.reflections.Reflections - Reflections took 18 ms to scan 2 urls, producing 116 keys and 116 values
[Test worker] INFO org.reflections.Reflections - Reflections took 17 ms to scan 2 urls, producing 132 keys and 132 values
[Test worker] INFO org.reflections.Reflections - Reflections took 19 ms to scan 2 urls, producing 116 keys and 116 values
[Test worker] INFO org.reflections.Reflections - Reflections took 18 ms to scan 2 urls, producing 132 keys and 132 values
[Test worker] INFO org.reflections.Reflections - Reflections took 18 ms to scan 2 urls, producing 116 keys and 116 values
[Test worker] INFO org.reflections.Reflections - Reflections took 20 ms to scan 2 urls, producing 132 keys and 132 values
[Test worker] INFO org.reflections.Reflections - Reflections took 18 ms to scan 2 urls, producing 116 keys and 116 values
]]></system-err>
</testsuite>
