<?xml version="1.0" encoding="UTF-8"?>
<testsuite name="dungeonmania.mvp.MercenaryTest" tests="7" skipped="0" failures="0" errors="0" timestamp="2022-11-07T02:53:13" hostname="CHARLOTTE" time="0.368">
  <properties/>
  <testcase name="Test mercenaries can not move through closed doors" classname="dungeonmania.mvp.MercenaryTest" time="0.052"/>
  <testcase name="Testing a mercenary can be bribed with a certain amount" classname="dungeonmania.mvp.MercenaryTest" time="0.051"/>
  <testcase name="Test mercenary stops if they cannot move any closer to the player" classname="dungeonmania.mvp.MercenaryTest" time="0.056"/>
  <testcase name="Testing a mercenary can be bribed within a radius" classname="dungeonmania.mvp.MercenaryTest" time="0.049"/>
  <testcase name="Test mercenary moves around a wall to get to the player" classname="dungeonmania.mvp.MercenaryTest" time="0.049"/>
  <testcase name="Test mercenary in line with Player moves towards them" classname="dungeonmania.mvp.MercenaryTest" time="0.057"/>
  <testcase name="Testing an allied mercenary does not battle the player" classname="dungeonmania.mvp.MercenaryTest" time="0.052"/>
  <system-out><![CDATA[]]></system-out>
  <system-err><![CDATA[[Test worker] INFO org.reflections.Reflections - Reflections took 23 ms to scan 2 urls, producing 132 keys and 132 values
[Test worker] INFO org.reflections.Reflections - Reflections took 26 ms to scan 2 urls, producing 116 keys and 116 values
[Test worker] INFO org.reflections.Reflections - Reflections took 25 ms to scan 2 urls, producing 132 keys and 132 values
[Test worker] INFO org.reflections.Reflections - Reflections took 21 ms to scan 2 urls, producing 116 keys and 116 values
[Test worker] INFO org.reflections.Reflections - Reflections took 23 ms to scan 2 urls, producing 132 keys and 132 values
[Test worker] INFO org.reflections.Reflections - Reflections took 29 ms to scan 2 urls, producing 116 keys and 116 values
[Test worker] INFO org.reflections.Reflections - Reflections took 24 ms to scan 2 urls, producing 132 keys and 132 values
[Test worker] INFO org.reflections.Reflections - Reflections took 22 ms to scan 2 urls, producing 116 keys and 116 values
[Test worker] INFO org.reflections.Reflections - Reflections took 25 ms to scan 2 urls, producing 132 keys and 132 values
[Test worker] INFO org.reflections.Reflections - Reflections took 22 ms to scan 2 urls, producing 116 keys and 116 values
[Test worker] INFO org.reflections.Reflections - Reflections took 23 ms to scan 2 urls, producing 132 keys and 132 values
[Test worker] INFO org.reflections.Reflections - Reflections took 29 ms to scan 2 urls, producing 116 keys and 116 values
[Test worker] INFO org.reflections.Reflections - Reflections took 23 ms to scan 2 urls, producing 132 keys and 132 values
[Test worker] INFO org.reflections.Reflections - Reflections took 25 ms to scan 2 urls, producing 116 keys and 116 values
]]></system-err>
</testsuite>
