<?xml version="1.0" encoding="UTF-8"?>
<testsuite name="dungeonmania.mvp.SpiderTest" tests="6" skipped="0" failures="0" errors="0" timestamp="2022-11-07T02:53:14" hostname="CHARLOTTE" time="0.335">
  <properties/>
  <testcase name="Test spiders can traverse through switches, doors and exits" classname="dungeonmania.mvp.SpiderTest" time="0.036"/>
  <testcase name="Test spiders can traverse through walls" classname="dungeonmania.mvp.SpiderTest" time="0.036"/>
  <testcase name="Test basic movement of spiders" classname="dungeonmania.mvp.SpiderTest" time="0.04"/>
  <testcase name="Test spider_spawn_interval = 1, 5, 10 in config file" classname="dungeonmania.mvp.SpiderTest" time="0.139"/>
  <testcase name="Test spiders cannot move through boulders and reverses direction" classname="dungeonmania.mvp.SpiderTest" time="0.038"/>
  <testcase name="Test spider_spawn_interval = 0 in config file" classname="dungeonmania.mvp.SpiderTest" time="0.044"/>
  <system-out><![CDATA[]]></system-out>
  <system-err><![CDATA[[Test worker] INFO org.reflections.Reflections - Reflections took 15 ms to scan 2 urls, producing 132 keys and 132 values
[Test worker] INFO org.reflections.Reflections - Reflections took 20 ms to scan 2 urls, producing 116 keys and 116 values
[Test worker] INFO org.reflections.Reflections - Reflections took 18 ms to scan 2 urls, producing 132 keys and 132 values
[Test worker] INFO org.reflections.Reflections - Reflections took 16 ms to scan 2 urls, producing 116 keys and 116 values
[Test worker] INFO org.reflections.Reflections - Reflections took 17 ms to scan 2 urls, producing 132 keys and 132 values
[Test worker] INFO org.reflections.Reflections - Reflections took 20 ms to scan 2 urls, producing 116 keys and 116 values
[Test worker] INFO org.reflections.Reflections - Reflections took 19 ms to scan 2 urls, producing 132 keys and 132 values
[Test worker] INFO org.reflections.Reflections - Reflections took 23 ms to scan 2 urls, producing 116 keys and 116 values
[Test worker] INFO org.reflections.Reflections - Reflections took 22 ms to scan 2 urls, producing 132 keys and 132 values
[Test worker] INFO org.reflections.Reflections - Reflections took 21 ms to scan 2 urls, producing 116 keys and 116 values
[Test worker] INFO org.reflections.Reflections - Reflections took 22 ms to scan 2 urls, producing 132 keys and 132 values
[Test worker] INFO org.reflections.Reflections - Reflections took 18 ms to scan 2 urls, producing 116 keys and 116 values
[Test worker] INFO org.reflections.Reflections - Reflections took 19 ms to scan 2 urls, producing 132 keys and 132 values
[Test worker] INFO org.reflections.Reflections - Reflections took 17 ms to scan 2 urls, producing 116 keys and 116 values
[Test worker] INFO org.reflections.Reflections - Reflections took 18 ms to scan 2 urls, producing 132 keys and 132 values
[Test worker] INFO org.reflections.Reflections - Reflections took 22 ms to scan 2 urls, producing 116 keys and 116 values
]]></system-err>
</testsuite>
