<?xml version="1.0" encoding="UTF-8"?>
<testsuite name="dungeonmania.mvp.InterfaceTest$TickInterfaceTest" tests="3" skipped="0" failures="0" errors="0" timestamp="2022-11-07T02:53:13" hostname="CHARLOTTE" time="0.122">
  <properties/>
  <testcase name="Testing tick interface method, normal operation" classname="dungeonmania.mvp.InterfaceTest$TickInterfaceTest" time="0.044"/>
  <testcase name="Testing tick with an item that is not in the player's inventory" classname="dungeonmania.mvp.InterfaceTest$TickInterfaceTest" time="0.037"/>
  <testcase name="Testing tick with an unusable item in the inventory" classname="dungeonmania.mvp.InterfaceTest$TickInterfaceTest" time="0.039"/>
  <system-out><![CDATA[]]></system-out>
  <system-err><![CDATA[[Test worker] INFO org.reflections.Reflections - Reflections took 22 ms to scan 2 urls, producing 132 keys and 132 values
[Test worker] INFO org.reflections.Reflections - Reflections took 19 ms to scan 2 urls, producing 116 keys and 116 values
[Test worker] INFO org.reflections.Reflections - Reflections took 18 ms to scan 2 urls, producing 132 keys and 132 values
[Test worker] INFO org.reflections.Reflections - Reflections took 17 ms to scan 2 urls, producing 116 keys and 116 values
[Test worker] INFO org.reflections.Reflections - Reflections took 18 ms to scan 2 urls, producing 132 keys and 132 values
[Test worker] INFO org.reflections.Reflections - Reflections took 18 ms to scan 2 urls, producing 116 keys and 116 values
]]></system-err>
</testsuite>
