<?xml version="1.0" encoding="UTF-8"?>
<testsuite name="dungeonmania.mvp.DungeonGenerationTest" tests="2" skipped="0" failures="0" errors="0" timestamp="2022-11-07T02:53:12" hostname="CHARLOTTE" time="0.056">
  <properties/>
  <testcase name="Generate rectangular dungeon with correct start and end" classname="dungeonmania.mvp.DungeonGenerationTest" time="0.03"/>
  <testcase name="Test for sorrounding walls around the map" classname="dungeonmania.mvp.DungeonGenerationTest" time="0.025"/>
  <system-out><![CDATA[]]></system-out>
  <system-err><![CDATA[[Test worker] INFO org.reflections.Reflections - Reflections took 19 ms to scan 2 urls, producing 116 keys and 116 values
[Test worker] INFO org.reflections.Reflections - Reflections took 21 ms to scan 2 urls, producing 116 keys and 116 values
]]></system-err>
</testsuite>
