<?xml version="1.0" encoding="UTF-8"?>
<testsuite name="dungeonmania.mvp.SwampTest" tests="3" skipped="0" failures="0" errors="0" timestamp="2022-11-07T02:53:15" hostname="CHARLOTTE" time="0.134">
  <properties/>
  <testcase name="Testing an enemy mercenary gets stuck" classname="dungeonmania.mvp.SwampTest" time="0.045"/>
  <testcase name="Test ally dijkstra movement through swamp after being successfully bribed" classname="dungeonmania.mvp.SwampTest" time="0.042"/>
  <testcase name="Test player movement through swamp" classname="dungeonmania.mvp.SwampTest" time="0.047"/>
  <system-out><![CDATA[]]></system-out>
  <system-err><![CDATA[[Test worker] INFO org.reflections.Reflections - Reflections took 19 ms to scan 2 urls, producing 132 keys and 132 values
[Test worker] INFO org.reflections.Reflections - Reflections took 19 ms to scan 2 urls, producing 116 keys and 116 values
[Test worker] INFO org.reflections.Reflections - Reflections took 19 ms to scan 2 urls, producing 132 keys and 132 values
[Test worker] INFO org.reflections.Reflections - Reflections took 19 ms to scan 2 urls, producing 116 keys and 116 values
[Test worker] INFO org.reflections.Reflections - Reflections took 20 ms to scan 2 urls, producing 132 keys and 132 values
[Test worker] INFO org.reflections.Reflections - Reflections took 23 ms to scan 2 urls, producing 116 keys and 116 values
]]></system-err>
</testsuite>
