<?xml version="1.0" encoding="UTF-8"?>
<testsuite name="dungeonmania.mvp.SunStoneTest" tests="2" skipped="0" failures="0" errors="0" timestamp="2022-11-07T02:53:14" hostname="CHARLOTTE" time="0.084">
  <properties/>
  <testcase name="Test door opens with sunstone" classname="dungeonmania.mvp.SunStoneTest" time="0.044"/>
  <testcase name="Test sunstone mutliple doors" classname="dungeonmania.mvp.SunStoneTest" time="0.04"/>
  <system-out><![CDATA[]]></system-out>
  <system-err><![CDATA[[Test worker] INFO org.reflections.Reflections - Reflections took 21 ms to scan 2 urls, producing 132 keys and 132 values
[Test worker] INFO org.reflections.Reflections - Reflections took 20 ms to scan 2 urls, producing 116 keys and 116 values
[Test worker] INFO org.reflections.Reflections - Reflections took 17 ms to scan 2 urls, producing 132 keys and 132 values
[Test worker] INFO org.reflections.Reflections - Reflections took 21 ms to scan 2 urls, producing 116 keys and 116 values
]]></system-err>
</testsuite>
