<?xml version="1.0" encoding="UTF-8"?>
<testsuite name="dungeonmania.mvp.AllyMovementTest" tests="2" skipped="0" failures="0" errors="0" timestamp="2022-11-07T02:53:08" hostname="CHARLOTTE" time="0.486">
  <properties/>
  <testcase name="Test ally dijkstra movement after being successfully bribed" classname="dungeonmania.mvp.AllyMovementTest" time="0.379"/>
  <testcase name="Test ally movement after they reached the cardinally adjacent tiles" classname="dungeonmania.mvp.AllyMovementTest" time="0.107"/>
  <system-out><![CDATA[]]></system-out>
  <system-err><![CDATA[[Test worker] INFO org.reflections.Reflections - Reflections took 93 ms to scan 2 urls, producing 132 keys and 132 values
[Test worker] INFO org.reflections.Reflections - Reflections took 34 ms to scan 2 urls, producing 116 keys and 116 values
[Test worker] INFO org.reflections.Reflections - Reflections took 43 ms to scan 2 urls, producing 132 keys and 132 values
[Test worker] INFO org.reflections.Reflections - Reflections took 47 ms to scan 2 urls, producing 116 keys and 116 values
]]></system-err>
</testsuite>
