<?xml version="1.0" encoding="UTF-8"?>
<testsuite name="dungeonmania.mvp.BattleTest" tests="22" skipped="0" failures="0" errors="0" timestamp="2022-11-07T02:53:10" hostname="CHARLOTTE" time="1.176">
  <properties/>
  <testcase name="Test basic health calculations spider - player wins" classname="dungeonmania.mvp.BattleTest" time="0.05"/>
  <testcase name="Test the player battles three enemies consecutively and defeats them" classname="dungeonmania.mvp.BattleTest" time="0.058"/>
  <testcase name="Test player battles mercenary and mercenary dies" classname="dungeonmania.mvp.BattleTest" time="0.053"/>
  <testcase name="Test player battles mercenary and player dies" classname="dungeonmania.mvp.BattleTest" time="0.063"/>
  <testcase name="Test basic health calculations zombie - player wins" classname="dungeonmania.mvp.BattleTest" time="0.068"/>
  <testcase name="Test shield reduces enemy attack" classname="dungeonmania.mvp.BattleTest" time="0.09"/>
  <testcase name="Test sword increases attack damage" classname="dungeonmania.mvp.BattleTest" time="0.076"/>
  <testcase name="Test a player wins a battle against a mercenary with an invincibility potion" classname="dungeonmania.mvp.BattleTest" time="0.063"/>
  <testcase name="Test player wins a battle against a zombie with an invincibility potion" classname="dungeonmania.mvp.BattleTest" time="0.052"/>
  <testcase name="Test player battles zombie and zombie dies" classname="dungeonmania.mvp.BattleTest" time="0.052"/>
  <testcase name="Test bow durability" classname="dungeonmania.mvp.BattleTest" time="0.054"/>
  <testcase name="Test sword durability" classname="dungeonmania.mvp.BattleTest" time="0.051"/>
  <testcase name="Test basic health calculations mercenary - player loses" classname="dungeonmania.mvp.BattleTest" time="0.045"/>
  <testcase name="Test player battles spider and spider dies" classname="dungeonmania.mvp.BattleTest" time="0.047"/>
  <testcase name="Test player wins a battle against a spider with an invinicibility potion" classname="dungeonmania.mvp.BattleTest" time="0.045"/>
  <testcase name="Test attack twice with bow - spider" classname="dungeonmania.mvp.BattleTest" time="0.05"/>
  <testcase name="Test basic health calculations spider - player loses" classname="dungeonmania.mvp.BattleTest" time="0.042"/>
  <testcase name="Test basic health calculations zombie - player loses" classname="dungeonmania.mvp.BattleTest" time="0.041"/>
  <testcase name="Test basic health calculations mercenary - player wins" classname="dungeonmania.mvp.BattleTest" time="0.042"/>
  <testcase name="Test player battles spider and player dies" classname="dungeonmania.mvp.BattleTest" time="0.041"/>
  <testcase name="Test player battles zombie and player dies" classname="dungeonmania.mvp.BattleTest" time="0.041"/>
  <testcase name="Test shield durability" classname="dungeonmania.mvp.BattleTest" time="0.041"/>
  <system-out><![CDATA[shield
bow
bow
shield
]]></system-out>
  <system-err><![CDATA[[Test worker] INFO org.reflections.Reflections - Reflections took 20 ms to scan 2 urls, producing 132 keys and 132 values
[Test worker] INFO org.reflections.Reflections - Reflections took 18 ms to scan 2 urls, producing 116 keys and 116 values
[Test worker] INFO org.reflections.Reflections - Reflections took 22 ms to scan 2 urls, producing 132 keys and 132 values
[Test worker] INFO org.reflections.Reflections - Reflections took 25 ms to scan 2 urls, producing 116 keys and 116 values
[Test worker] INFO org.reflections.Reflections - Reflections took 24 ms to scan 2 urls, producing 132 keys and 132 values
[Test worker] INFO org.reflections.Reflections - Reflections took 24 ms to scan 2 urls, producing 116 keys and 116 values
[Test worker] INFO org.reflections.Reflections - Reflections took 25 ms to scan 2 urls, producing 132 keys and 132 values
[Test worker] INFO org.reflections.Reflections - Reflections took 34 ms to scan 2 urls, producing 116 keys and 116 values
[Test worker] INFO org.reflections.Reflections - Reflections took 27 ms to scan 2 urls, producing 132 keys and 132 values
[Test worker] INFO org.reflections.Reflections - Reflections took 29 ms to scan 2 urls, producing 116 keys and 116 values
[Test worker] INFO org.reflections.Reflections - Reflections took 45 ms to scan 2 urls, producing 132 keys and 132 values
[Test worker] INFO org.reflections.Reflections - Reflections took 29 ms to scan 2 urls, producing 116 keys and 116 values
[Test worker] INFO org.reflections.Reflections - Reflections took 34 ms to scan 2 urls, producing 132 keys and 132 values
[Test worker] INFO org.reflections.Reflections - Reflections took 31 ms to scan 2 urls, producing 116 keys and 116 values
[Test worker] INFO org.reflections.Reflections - Reflections took 29 ms to scan 2 urls, producing 132 keys and 132 values
[Test worker] INFO org.reflections.Reflections - Reflections took 26 ms to scan 2 urls, producing 116 keys and 116 values
[Test worker] INFO org.reflections.Reflections - Reflections took 23 ms to scan 2 urls, producing 132 keys and 132 values
[Test worker] INFO org.reflections.Reflections - Reflections took 22 ms to scan 2 urls, producing 116 keys and 116 values
[Test worker] INFO org.reflections.Reflections - Reflections took 25 ms to scan 2 urls, producing 132 keys and 132 values
[Test worker] INFO org.reflections.Reflections - Reflections took 23 ms to scan 2 urls, producing 116 keys and 116 values
[Test worker] INFO org.reflections.Reflections - Reflections took 22 ms to scan 2 urls, producing 132 keys and 132 values
[Test worker] INFO org.reflections.Reflections - Reflections took 21 ms to scan 2 urls, producing 116 keys and 116 values
[Test worker] INFO org.reflections.Reflections - Reflections took 24 ms to scan 2 urls, producing 132 keys and 132 values
[Test worker] INFO org.reflections.Reflections - Reflections took 23 ms to scan 2 urls, producing 116 keys and 116 values
[Test worker] INFO org.reflections.Reflections - Reflections took 22 ms to scan 2 urls, producing 132 keys and 132 values
[Test worker] INFO org.reflections.Reflections - Reflections took 19 ms to scan 2 urls, producing 116 keys and 116 values
[Test worker] INFO org.reflections.Reflections - Reflections took 23 ms to scan 2 urls, producing 132 keys and 132 values
[Test worker] INFO org.reflections.Reflections - Reflections took 20 ms to scan 2 urls, producing 116 keys and 116 values
[Test worker] INFO org.reflections.Reflections - Reflections took 20 ms to scan 2 urls, producing 132 keys and 132 values
[Test worker] INFO org.reflections.Reflections - Reflections took 20 ms to scan 2 urls, producing 116 keys and 116 values
[Test worker] INFO org.reflections.Reflections - Reflections took 25 ms to scan 2 urls, producing 132 keys and 132 values
[Test worker] INFO org.reflections.Reflections - Reflections took 20 ms to scan 2 urls, producing 116 keys and 116 values
[Test worker] INFO org.reflections.Reflections - Reflections took 19 ms to scan 2 urls, producing 132 keys and 132 values
[Test worker] INFO org.reflections.Reflections - Reflections took 19 ms to scan 2 urls, producing 116 keys and 116 values
[Test worker] INFO org.reflections.Reflections - Reflections took 17 ms to scan 2 urls, producing 132 keys and 132 values
[Test worker] INFO org.reflections.Reflections - Reflections took 19 ms to scan 2 urls, producing 116 keys and 116 values
[Test worker] INFO org.reflections.Reflections - Reflections took 20 ms to scan 2 urls, producing 132 keys and 132 values
[Test worker] INFO org.reflections.Reflections - Reflections took 19 ms to scan 2 urls, producing 116 keys and 116 values
[Test worker] INFO org.reflections.Reflections - Reflections took 18 ms to scan 2 urls, producing 132 keys and 132 values
[Test worker] INFO org.reflections.Reflections - Reflections took 21 ms to scan 2 urls, producing 116 keys and 116 values
[Test worker] INFO org.reflections.Reflections - Reflections took 18 ms to scan 2 urls, producing 132 keys and 132 values
[Test worker] INFO org.reflections.Reflections - Reflections took 20 ms to scan 2 urls, producing 116 keys and 116 values
[Test worker] INFO org.reflections.Reflections - Reflections took 18 ms to scan 2 urls, producing 132 keys and 132 values
[Test worker] INFO org.reflections.Reflections - Reflections took 18 ms to scan 2 urls, producing 116 keys and 116 values
]]></system-err>
</testsuite>
