<?xml version="1.0" encoding="UTF-8"?>
<testsuite name="dungeonmania.mvp.AssassinTest" tests="2" skipped="0" failures="0" errors="0" timestamp="2022-11-07T02:53:09" hostname="CHARLOTTE" time="0.142">
  <properties/>
  <testcase name="Tests the assassin being bribed successfully" classname="dungeonmania.mvp.AssassinTest" time="0.073"/>
  <testcase name="Tests the assassin being bribed unsuccessfully" classname="dungeonmania.mvp.AssassinTest" time="0.068"/>
  <system-out><![CDATA[]]></system-out>
  <system-err><![CDATA[[Test worker] INFO org.reflections.Reflections - Reflections took 37 ms to scan 2 urls, producing 132 keys and 132 values
[Test worker] INFO org.reflections.Reflections - Reflections took 29 ms to scan 2 urls, producing 116 keys and 116 values
[Test worker] INFO org.reflections.Reflections - Reflections took 29 ms to scan 2 urls, producing 132 keys and 132 values
[Test worker] INFO org.reflections.Reflections - Reflections took 30 ms to scan 2 urls, producing 116 keys and 116 values
]]></system-err>
</testsuite>
