<?xml version="1.0" encoding="UTF-8"?>
<testsuite name="dungeonmania.mvp.BasicGoalsTest" tests="6" skipped="0" failures="0" errors="0" timestamp="2022-11-07T02:53:09" hostname="CHARLOTTE" time="0.449">
  <properties/>
  <testcase name="Test achieving an enemy goal" classname="dungeonmania.mvp.BasicGoalsTest" time="0.089"/>
  <testcase name="Test achieving an enemy goal including a zombie spawner" classname="dungeonmania.mvp.BasicGoalsTest" time="0.069"/>
  <testcase name="Test achieving a basic exit goal" classname="dungeonmania.mvp.BasicGoalsTest" time="0.075"/>
  <testcase name="Test achieving a boulders goal where there are five switches" classname="dungeonmania.mvp.BasicGoalsTest" time="0.07"/>
  <testcase name="Test achieving a basic treasure goal" classname="dungeonmania.mvp.BasicGoalsTest" time="0.068"/>
  <testcase name="Test achieving a basic boulders goal" classname="dungeonmania.mvp.BasicGoalsTest" time="0.073"/>
  <system-out><![CDATA[]]></system-out>
  <system-err><![CDATA[[Test worker] INFO org.reflections.Reflections - Reflections took 31 ms to scan 2 urls, producing 132 keys and 132 values
[Test worker] INFO org.reflections.Reflections - Reflections took 33 ms to scan 2 urls, producing 116 keys and 116 values
[Test worker] INFO org.reflections.Reflections - Reflections took 28 ms to scan 2 urls, producing 132 keys and 132 values
[Test worker] INFO org.reflections.Reflections - Reflections took 33 ms to scan 2 urls, producing 116 keys and 116 values
[Test worker] INFO org.reflections.Reflections - Reflections took 39 ms to scan 2 urls, producing 132 keys and 132 values
[Test worker] INFO org.reflections.Reflections - Reflections took 29 ms to scan 2 urls, producing 116 keys and 116 values
[Test worker] INFO org.reflections.Reflections - Reflections took 34 ms to scan 2 urls, producing 132 keys and 132 values
[Test worker] INFO org.reflections.Reflections - Reflections took 27 ms to scan 2 urls, producing 116 keys and 116 values
[Test worker] INFO org.reflections.Reflections - Reflections took 30 ms to scan 2 urls, producing 132 keys and 132 values
[Test worker] INFO org.reflections.Reflections - Reflections took 29 ms to scan 2 urls, producing 116 keys and 116 values
[Test worker] INFO org.reflections.Reflections - Reflections took 27 ms to scan 2 urls, producing 132 keys and 132 values
[Test worker] INFO org.reflections.Reflections - Reflections took 23 ms to scan 2 urls, producing 116 keys and 116 values
]]></system-err>
</testsuite>
